Using pre-set license

 COMMAND LINE ARGUMENTS:
/Applications/2021.1.5f1/Unity.app/Contents/MacOS/Unity
-adb2
-batchMode
-noUpm
-name
AssetImportWorker0
-projectPath
/Users/mh/Git/unity_project/unity_project
-logFile
Logs/AssetImportWorker0.log
-srvPort
55092
Successfully changed project path to: /Users/mh/Git/unity_project/unity_project
/Users/mh/Git/unity_project/unity_project
Using Asset Import Pipeline V2.
Refreshing native plugins compatible for Editor in 72.10 ms, found 1 plugins.
Preloading 0 native plugins for Editor in 0.00 ms.
Initialize engine version: 2021.1.5f1 (3737af19df53)
[Subsystems] Discovering subsystems at path /Applications/2021.1.5f1/Unity.app/Contents/Resources/UnitySubsystems
[Subsystems] Discovering subsystems at path /Users/mh/Git/unity_project/unity_project/Assets
GfxDevice: creating device client; threaded=0; jobified=0
2021-05-09 11:21:25.460 Unity[13050:255830] DELL U2412M preferred device: AMD Radeon Pro Vega 20 (high power)
2021-05-09 11:21:25.460 Unity[13050:255830] Metal devices available: 2
2021-05-09 11:21:25.460 Unity[13050:255830] 0: AMD Radeon Pro Vega 20 (high power)
2021-05-09 11:21:25.460 Unity[13050:255830] 1: Intel(R) UHD Graphics 630 (low power)
2021-05-09 11:21:25.460 Unity[13050:255830] Using device AMD Radeon Pro Vega 20 (high power)
Initializing Metal device caps: AMD Radeon Pro Vega 20
Initialize mono
Mono path[0] = '/Applications/2021.1.5f1/Unity.app/Contents/Managed'
Mono path[1] = '/Applications/2021.1.5f1/Unity.app/Contents/MonoBleedingEdge/lib/mono/unityjit'
Mono config path = '/Applications/2021.1.5f1/Unity.app/Contents/MonoBleedingEdge/etc'
Using monoOptions --debugger-agent=transport=dt_socket,embedding=1,server=y,suspend=n,address=127.0.0.1:56050
Begin MonoManager ReloadAssembly
Registering precompiled unity dll's ...
Register platform support module: /Applications/2021.1.5f1/Unity.app/Contents/PlaybackEngines/MacStandaloneSupport/UnityEditor.OSXStandalone.Extensions.dll
Register platform support module: /Applications/2021.1.5f1/PlaybackEngines/WindowsStandaloneSupport/UnityEditor.WindowsStandalone.Extensions.dll
Registered in 0.000608 seconds.
Native extension for WindowsStandalone target not found
Native extension for OSXStandalone target not found
Refreshing native plugins compatible for Editor in 71.79 ms, found 1 plugins.
Preloading 0 native plugins for Editor in 0.00 ms.
Mono: successfully reloaded assembly
- Completed reload, in  3.023 seconds
Platform modules already initialized, skipping
Registering precompiled user dll's ...
Registered in 0.001409 seconds.
Begin MonoManager ReloadAssembly
Native extension for WindowsStandalone target not found
Native extension for OSXStandalone target not found
Refreshing native plugins compatible for Editor in 0.47 ms, found 1 plugins.
Preloading 0 native plugins for Editor in 0.00 ms.
Mono: successfully reloaded assembly
- Completed reload, in  1.043 seconds
Platform modules already initialized, skipping
========================================================================
Worker process is ready to serve import requests
Launching external process: /Applications/2021.1.5f1/Unity.app/Contents/Tools/UnityShaderCompiler
Launched and connected shader compiler UnityShaderCompiler after 0.01 seconds
Refreshing native plugins compatible for Editor in 0.44 ms, found 1 plugins.
Preloading 0 native plugins for Editor in 0.00 ms.
Unloading 2710 Unused Serialized files (Serialized files now loaded: 0)
System memory in use before: 181.8 MB.
System memory in use after: 182.0 MB.

Unloading 15 unused Assets to reduce memory usage. Loaded Objects now: 3165.
Total: 1.736946 ms (FindLiveObjects: 0.175819 ms CreateObjectMapping: 0.091746 ms MarkObjects: 1.404482 ms  DeleteObjects: 0.064199 ms)

========================================================================
Received Import Request.
  path: Assets/Mh/FlappyBird/Models/Game/Enemy002/enemy002.fbx
  artifactKey: Guid(25a32ca9447c44acca194f55cb328c1a) Importer(815301076,1909f56bfc062723c751e8b465ee728b)
Start importing Assets/Mh/FlappyBird/Models/Game/Enemy002/enemy002.fbx using Guid(25a32ca9447c44acca194f55cb328c1a) Importer(815301076,1909f56bfc062723c751e8b465ee728b)  -> (artifact id: '61d2d8a07ccdd60f5df060fdf0feae87') in 1.352685 seconds 
========================================================================
Received Import Request.
  Time since last request: 0.547364 seconds.
  path: Assets/Mh/FlappyBird/Models/Game/IronThornsBall/iron_thorns_ball.fbx
  artifactKey: Guid(7b783aaa3abd34282bd757e720a47ad8) Importer(815301076,1909f56bfc062723c751e8b465ee728b)
Start importing Assets/Mh/FlappyBird/Models/Game/IronThornsBall/iron_thorns_ball.fbx using Guid(7b783aaa3abd34282bd757e720a47ad8) Importer(815301076,1909f56bfc062723c751e8b465ee728b)  -> (artifact id: '2df5874c246921f2bae70cc92db6a712') in 0.065796 seconds 
========================================================================
Received Prepare
Registering precompiled user dll's ...
Registered in 0.001301 seconds.
Begin MonoManager ReloadAssembly
Native extension for WindowsStandalone target not found
Native extension for OSXStandalone target not found
Refreshing native plugins compatible for Editor in 0.45 ms, found 1 plugins.
Preloading 0 native plugins for Editor in 0.00 ms.
Mono: successfully reloaded assembly
- Completed reload, in  0.902 seconds
Platform modules already initialized, skipping
Refreshing native plugins compatible for Editor in 0.38 ms, found 1 plugins.
Preloading 0 native plugins for Editor in 0.00 ms.
Unloading 2694 Unused Serialized files (Serialized files now loaded: 0)
System memory in use before: 190.1 MB.
System memory in use after: 190.3 MB.

Unloading 10 unused Assets to reduce memory usage. Loaded Objects now: 3211.
Total: 1.513749 ms (FindLiveObjects: 0.159401 ms CreateObjectMapping: 0.080337 ms MarkObjects: 1.241050 ms  DeleteObjects: 0.032288 ms)

========================================================================
Received Prepare
Registering precompiled user dll's ...
Registered in 0.001525 seconds.
Begin MonoManager ReloadAssembly
Native extension for WindowsStandalone target not found
Native extension for OSXStandalone target not found
Refreshing native plugins compatible for Editor in 0.53 ms, found 1 plugins.
Preloading 0 native plugins for Editor in 0.00 ms.
Mono: successfully reloaded assembly
- Completed reload, in  0.939 seconds
Platform modules already initialized, skipping
Refreshing native plugins compatible for Editor in 0.47 ms, found 1 plugins.
Preloading 0 native plugins for Editor in 0.00 ms.
Unloading 2694 Unused Serialized files (Serialized files now loaded: 0)
System memory in use before: 190.4 MB.
System memory in use after: 190.6 MB.

Unloading 10 unused Assets to reduce memory usage. Loaded Objects now: 3214.
Total: 1.663282 ms (FindLiveObjects: 0.177844 ms CreateObjectMapping: 0.091137 ms MarkObjects: 1.352940 ms  DeleteObjects: 0.040321 ms)

========================================================================
Received Prepare
Registering precompiled user dll's ...
Registered in 0.001407 seconds.
Begin MonoManager ReloadAssembly
Native extension for WindowsStandalone target not found
Native extension for OSXStandalone target not found
Refreshing native plugins compatible for Editor in 0.81 ms, found 1 plugins.
Preloading 0 native plugins for Editor in 0.00 ms.
Mono: successfully reloaded assembly
- Completed reload, in  0.929 seconds
Platform modules already initialized, skipping
Refreshing native plugins compatible for Editor in 0.53 ms, found 1 plugins.
Preloading 0 native plugins for Editor in 0.00 ms.
Unloading 2694 Unused Serialized files (Serialized files now loaded: 0)
System memory in use before: 190.6 MB.
System memory in use after: 190.8 MB.

Unloading 10 unused Assets to reduce memory usage. Loaded Objects now: 3217.
Total: 1.862156 ms (FindLiveObjects: 0.197610 ms CreateObjectMapping: 0.091790 ms MarkObjects: 1.488042 ms  DeleteObjects: 0.083899 ms)

========================================================================
Received Prepare
Registering precompiled user dll's ...
Registered in 0.001292 seconds.
Begin MonoManager ReloadAssembly
Native extension for WindowsStandalone target not found
Native extension for OSXStandalone target not found
Refreshing native plugins compatible for Editor in 0.46 ms, found 1 plugins.
Preloading 0 native plugins for Editor in 0.00 ms.
Mono: successfully reloaded assembly
- Completed reload, in  0.931 seconds
Platform modules already initialized, skipping
Refreshing native plugins compatible for Editor in 0.39 ms, found 1 plugins.
Preloading 0 native plugins for Editor in 0.00 ms.
Unloading 2694 Unused Serialized files (Serialized files now loaded: 0)
System memory in use before: 190.8 MB.
System memory in use after: 191.0 MB.

Unloading 10 unused Assets to reduce memory usage. Loaded Objects now: 3220.
Total: 1.589284 ms (FindLiveObjects: 0.164261 ms CreateObjectMapping: 0.089975 ms MarkObjects: 1.299362 ms  DeleteObjects: 0.035044 ms)

========================================================================
Received Import Request.
  Time since last request: 608.836092 seconds.
  path: ProjectSettings/TagManager.asset
  artifactKey: Guid(00000000000000003000000000000000) Importer(815301076,1909f56bfc062723c751e8b465ee728b)
Start importing ProjectSettings/TagManager.asset using Guid(00000000000000003000000000000000) Importer(815301076,1909f56bfc062723c751e8b465ee728b)  -> (artifact id: 'ce6a35c3cddc746e7501c0bd0ed6d4ce') in 0.283780 seconds 
========================================================================
Received Prepare
Registering precompiled user dll's ...
Registered in 0.001462 seconds.
Begin MonoManager ReloadAssembly
Native extension for WindowsStandalone target not found
Native extension for OSXStandalone target not found
Refreshing native plugins compatible for Editor in 0.45 ms, found 1 plugins.
Preloading 0 native plugins for Editor in 0.00 ms.
Mono: successfully reloaded assembly
- Completed reload, in  0.940 seconds
Platform modules already initialized, skipping
Refreshing native plugins compatible for Editor in 0.41 ms, found 1 plugins.
Preloading 0 native plugins for Editor in 0.00 ms.
Unloading 2694 Unused Serialized files (Serialized files now loaded: 0)
System memory in use before: 195.3 MB.
System memory in use after: 195.5 MB.

Unloading 11 unused Assets to reduce memory usage. Loaded Objects now: 3223.
Total: 1.651850 ms (FindLiveObjects: 0.221445 ms CreateObjectMapping: 0.100728 ms MarkObjects: 1.292963 ms  DeleteObjects: 0.036063 ms)

AssetImportWorkerClient::OnTransportError - code=2 error=End of file
