Using pre-set license

 COMMAND LINE ARGUMENTS:
/Applications/2021.1.5f1/Unity.app/Contents/MacOS/Unity
-adb2
-batchMode
-noUpm
-name
AssetImportWorker0
-projectPath
/Users/mh/GitFork/unity_project/unity_project
-logFile
Logs/AssetImportWorker0.log
-srvPort
50288
Successfully changed project path to: /Users/mh/GitFork/unity_project/unity_project
/Users/mh/GitFork/unity_project/unity_project
Using Asset Import Pipeline V2.
Refreshing native plugins compatible for Editor in 94.34 ms, found 1 plugins.
Preloading 0 native plugins for Editor in 0.00 ms.
Initialize engine version: 2021.1.5f1 (3737af19df53)
[Subsystems] Discovering subsystems at path /Applications/2021.1.5f1/Unity.app/Contents/Resources/UnitySubsystems
[Subsystems] Discovering subsystems at path /Users/mh/GitFork/unity_project/unity_project/Assets
GfxDevice: creating device client; threaded=0; jobified=0
2021-08-14 15:10:28.886 Unity[57040:10891457] DELL U2412M preferred device: AMD Radeon Pro Vega 20 (high power)
2021-08-14 15:10:28.886 Unity[57040:10891457] Metal devices available: 2
2021-08-14 15:10:28.886 Unity[57040:10891457] 0: AMD Radeon Pro Vega 20 (high power)
2021-08-14 15:10:28.886 Unity[57040:10891457] 1: Intel(R) UHD Graphics 630 (low power)
2021-08-14 15:10:28.887 Unity[57040:10891457] Using device AMD Radeon Pro Vega 20 (high power)
Initializing Metal device caps: AMD Radeon Pro Vega 20
Initialize mono
Mono path[0] = '/Applications/2021.1.5f1/Unity.app/Contents/Managed'
Mono path[1] = '/Applications/2021.1.5f1/Unity.app/Contents/MonoBleedingEdge/lib/mono/unityjit'
Mono config path = '/Applications/2021.1.5f1/Unity.app/Contents/MonoBleedingEdge/etc'
Using monoOptions --debugger-agent=transport=dt_socket,embedding=1,server=y,suspend=n,address=127.0.0.1:56040
Begin MonoManager ReloadAssembly
Registering precompiled unity dll's ...
Register platform support module: /Applications/2021.1.5f1/Unity.app/Contents/PlaybackEngines/MacStandaloneSupport/UnityEditor.OSXStandalone.Extensions.dll
Register platform support module: /Applications/2021.1.5f1/PlaybackEngines/WindowsStandaloneSupport/UnityEditor.WindowsStandalone.Extensions.dll
Registered in 0.000728 seconds.
Native extension for WindowsStandalone target not found
Native extension for OSXStandalone target not found
Refreshing native plugins compatible for Editor in 88.18 ms, found 1 plugins.
Preloading 0 native plugins for Editor in 0.00 ms.
Mono: successfully reloaded assembly
- Completed reload, in  3.705 seconds
Platform modules already initialized, skipping
Registering precompiled user dll's ...
Registered in 0.001821 seconds.
Begin MonoManager ReloadAssembly
Native extension for WindowsStandalone target not found
Native extension for OSXStandalone target not found
Refreshing native plugins compatible for Editor in 0.57 ms, found 1 plugins.
Preloading 0 native plugins for Editor in 0.00 ms.
Mono: successfully reloaded assembly
- Completed reload, in  1.189 seconds
Platform modules already initialized, skipping
========================================================================
Worker process is ready to serve import requests
Launching external process: /Applications/2021.1.5f1/Unity.app/Contents/Tools/UnityShaderCompiler
Launched and connected shader compiler UnityShaderCompiler after 0.02 seconds
Refreshing native plugins compatible for Editor in 0.52 ms, found 1 plugins.
Preloading 0 native plugins for Editor in 0.00 ms.
Unloading 2720 Unused Serialized files (Serialized files now loaded: 0)
System memory in use before: 182.3 MB.
System memory in use after: 182.4 MB.

Unloading 15 unused Assets to reduce memory usage. Loaded Objects now: 3175.
Total: 2.047011 ms (FindLiveObjects: 0.232042 ms CreateObjectMapping: 0.128119 ms MarkObjects: 1.608593 ms  DeleteObjects: 0.077338 ms)

========================================================================
Received Import Request.
  path: Assets/Mhl/System/Singleton/IMhlCleanupable.cs
  artifactKey: Guid(46957da2f0dee49dc926e2781bd50d42) Importer(815301076,1909f56bfc062723c751e8b465ee728b)
Start importing Assets/Mhl/System/Singleton/IMhlCleanupable.cs using Guid(46957da2f0dee49dc926e2781bd50d42) Importer(815301076,1909f56bfc062723c751e8b465ee728b)  -> (artifact id: '16e6ebeeb4d168f246c6e36bc954c053') in 0.603707 seconds 
